[0.550s] Invoking command in '/home/maaz/Stash-Colonel/ros2_ws/src/talker_listener': PYTHONPATH=/home/maaz/Stash-Colonel/ros2_ws/build/talker_listener/prefix_override:/usr/lib/python3/dist-packages/colcon_core/task/python/colcon_distutils_commands:/home/maaz/Stash-Colonel/ros2_ws/install/talker_listener/lib/python3.10/site-packages:${PYTHONPATH} /usr/bin/python3 -W ignore:setup.py install is deprecated -W ignore:easy_install command is deprecated setup.py egg_info --egg-base ../../build/talker_listener build --build-base /home/maaz/Stash-Colonel/ros2_ws/build/talker_listener/build install --record /home/maaz/Stash-Colonel/ros2_ws/build/talker_listener/install.log --single-version-externally-managed install_data
[0.757s] running egg_info
[0.757s] creating ../../build/talker_listener/talker_listener.egg-info
[0.757s] writing ../../build/talker_listener/talker_listener.egg-info/PKG-INFO
[0.758s] writing dependency_links to ../../build/talker_listener/talker_listener.egg-info/dependency_links.txt
[0.758s] writing entry points to ../../build/talker_listener/talker_listener.egg-info/entry_points.txt
[0.758s] writing requirements to ../../build/talker_listener/talker_listener.egg-info/requires.txt
[0.758s] writing top-level names to ../../build/talker_listener/talker_listener.egg-info/top_level.txt
[0.758s] writing manifest file '../../build/talker_listener/talker_listener.egg-info/SOURCES.txt'
[0.759s] reading manifest file '../../build/talker_listener/talker_listener.egg-info/SOURCES.txt'
[0.760s] writing manifest file '../../build/talker_listener/talker_listener.egg-info/SOURCES.txt'
[0.760s] running build
[0.760s] running build_py
[0.760s] creating /home/maaz/Stash-Colonel/ros2_ws/build/talker_listener/build
[0.760s] creating /home/maaz/Stash-Colonel/ros2_ws/build/talker_listener/build/lib
[0.760s] creating /home/maaz/Stash-Colonel/ros2_ws/build/talker_listener/build/lib/talker_listener
[0.760s] copying talker_listener/talker_node.py -> /home/maaz/Stash-Colonel/ros2_ws/build/talker_listener/build/lib/talker_listener
[0.760s] copying talker_listener/__init__.py -> /home/maaz/Stash-Colonel/ros2_ws/build/talker_listener/build/lib/talker_listener
[0.760s] running install
[0.760s] running install_lib
[0.761s] creating /home/maaz/Stash-Colonel/ros2_ws/install/talker_listener/lib/python3.10/site-packages/talker_listener
[0.761s] copying /home/maaz/Stash-Colonel/ros2_ws/build/talker_listener/build/lib/talker_listener/talker_node.py -> /home/maaz/Stash-Colonel/ros2_ws/install/talker_listener/lib/python3.10/site-packages/talker_listener
[0.761s] copying /home/maaz/Stash-Colonel/ros2_ws/build/talker_listener/build/lib/talker_listener/__init__.py -> /home/maaz/Stash-Colonel/ros2_ws/install/talker_listener/lib/python3.10/site-packages/talker_listener
[0.761s] byte-compiling /home/maaz/Stash-Colonel/ros2_ws/install/talker_listener/lib/python3.10/site-packages/talker_listener/talker_node.py to talker_node.cpython-310.pyc
[0.762s] byte-compiling /home/maaz/Stash-Colonel/ros2_ws/install/talker_listener/lib/python3.10/site-packages/talker_listener/__init__.py to __init__.cpython-310.pyc
[0.762s] running install_data
[0.762s] creating /home/maaz/Stash-Colonel/ros2_ws/install/talker_listener/share/ament_index
[0.762s] creating /home/maaz/Stash-Colonel/ros2_ws/install/talker_listener/share/ament_index/resource_index
[0.762s] creating /home/maaz/Stash-Colonel/ros2_ws/install/talker_listener/share/ament_index/resource_index/packages
[0.762s] copying resource/talker_listener -> /home/maaz/Stash-Colonel/ros2_ws/install/talker_listener/share/ament_index/resource_index/packages
[0.762s] copying package.xml -> /home/maaz/Stash-Colonel/ros2_ws/install/talker_listener/share/talker_listener
[0.762s] running install_egg_info
[0.763s] Copying ../../build/talker_listener/talker_listener.egg-info to /home/maaz/Stash-Colonel/ros2_ws/install/talker_listener/lib/python3.10/site-packages/talker_listener-0.0.0-py3.10.egg-info
[0.764s] running install_scripts
[0.782s] Installing talkernode script to /home/maaz/Stash-Colonel/ros2_ws/install/talker_listener/lib/talker_listener
[0.782s] writing list of installed files to '/home/maaz/Stash-Colonel/ros2_ws/build/talker_listener/install.log'
[0.802s] Invoked command in '/home/maaz/Stash-Colonel/ros2_ws/src/talker_listener' returned '0': PYTHONPATH=/home/maaz/Stash-Colonel/ros2_ws/build/talker_listener/prefix_override:/usr/lib/python3/dist-packages/colcon_core/task/python/colcon_distutils_commands:/home/maaz/Stash-Colonel/ros2_ws/install/talker_listener/lib/python3.10/site-packages:${PYTHONPATH} /usr/bin/python3 -W ignore:setup.py install is deprecated -W ignore:easy_install command is deprecated setup.py egg_info --egg-base ../../build/talker_listener build --build-base /home/maaz/Stash-Colonel/ros2_ws/build/talker_listener/build install --record /home/maaz/Stash-Colonel/ros2_ws/build/talker_listener/install.log --single-version-externally-managed install_data
