[0.517s] Invoking command in '/home/maaz/Stash-Colonel/ros2_ws/src/talker_listener': PYTHONPATH=/home/maaz/Stash-Colonel/ros2_ws/build/talker_listener/prefix_override:/usr/lib/python3/dist-packages/colcon_core/task/python/colcon_distutils_commands:/home/maaz/Stash-Colonel/ros2_ws/install/talker_listener/lib/python3.10/site-packages:${PYTHONPATH} /usr/bin/python3 -W ignore:setup.py install is deprecated -W ignore:easy_install command is deprecated setup.py egg_info --egg-base ../../build/talker_listener build --build-base /home/maaz/Stash-Colonel/ros2_ws/build/talker_listener/build install --record /home/maaz/Stash-Colonel/ros2_ws/build/talker_listener/install.log --single-version-externally-managed install_data
[0.724s] running egg_info
[0.725s] writing ../../build/talker_listener/talker_listener.egg-info/PKG-INFO
[0.725s] writing dependency_links to ../../build/talker_listener/talker_listener.egg-info/dependency_links.txt
[0.725s] writing entry points to ../../build/talker_listener/talker_listener.egg-info/entry_points.txt
[0.725s] writing requirements to ../../build/talker_listener/talker_listener.egg-info/requires.txt
[0.725s] writing top-level names to ../../build/talker_listener/talker_listener.egg-info/top_level.txt
[0.727s] reading manifest file '../../build/talker_listener/talker_listener.egg-info/SOURCES.txt'
[0.727s] writing manifest file '../../build/talker_listener/talker_listener.egg-info/SOURCES.txt'
[0.727s] running build
[0.728s] running build_py
[0.728s] copying talker_listener/talker_node.py -> /home/maaz/Stash-Colonel/ros2_ws/build/talker_listener/build/lib/talker_listener
[0.728s] running install
[0.728s] running install_lib
[0.729s] copying /home/maaz/Stash-Colonel/ros2_ws/build/talker_listener/build/lib/talker_listener/talker_node.py -> /home/maaz/Stash-Colonel/ros2_ws/install/talker_listener/lib/python3.10/site-packages/talker_listener
[0.729s] byte-compiling /home/maaz/Stash-Colonel/ros2_ws/install/talker_listener/lib/python3.10/site-packages/talker_listener/talker_node.py to talker_node.cpython-310.pyc
[0.730s] running install_data
[0.730s] running install_egg_info
[0.731s] removing '/home/maaz/Stash-Colonel/ros2_ws/install/talker_listener/lib/python3.10/site-packages/talker_listener-0.0.0-py3.10.egg-info' (and everything under it)
[0.731s] Copying ../../build/talker_listener/talker_listener.egg-info to /home/maaz/Stash-Colonel/ros2_ws/install/talker_listener/lib/python3.10/site-packages/talker_listener-0.0.0-py3.10.egg-info
[0.732s] running install_scripts
[0.749s] Installing talkernode script to /home/maaz/Stash-Colonel/ros2_ws/install/talker_listener/lib/talker_listener
[0.749s] writing list of installed files to '/home/maaz/Stash-Colonel/ros2_ws/build/talker_listener/install.log'
[0.771s] Invoked command in '/home/maaz/Stash-Colonel/ros2_ws/src/talker_listener' returned '0': PYTHONPATH=/home/maaz/Stash-Colonel/ros2_ws/build/talker_listener/prefix_override:/usr/lib/python3/dist-packages/colcon_core/task/python/colcon_distutils_commands:/home/maaz/Stash-Colonel/ros2_ws/install/talker_listener/lib/python3.10/site-packages:${PYTHONPATH} /usr/bin/python3 -W ignore:setup.py install is deprecated -W ignore:easy_install command is deprecated setup.py egg_info --egg-base ../../build/talker_listener build --build-base /home/maaz/Stash-Colonel/ros2_ws/build/talker_listener/build install --record /home/maaz/Stash-Colonel/ros2_ws/build/talker_listener/install.log --single-version-externally-managed install_data
