[0.506s] Invoking command in '/home/maaz/Stash-Colonel/ros2_ws/src/my_robot_controller': PYTHONPATH=/home/maaz/Stash-Colonel/ros2_ws/build/my_robot_controller/prefix_override:/usr/lib/python3/dist-packages/colcon_core/task/python/colcon_distutils_commands:/home/maaz/Stash-Colonel/ros2_ws/install/my_robot_controller/lib/python3.10/site-packages:${PYTHONPATH} /usr/bin/python3 -W ignore:setup.py install is deprecated -W ignore:easy_install command is deprecated setup.py egg_info --egg-base ../../build/my_robot_controller build --build-base /home/maaz/Stash-Colonel/ros2_ws/build/my_robot_controller/build install --record /home/maaz/Stash-Colonel/ros2_ws/build/my_robot_controller/install.log --single-version-externally-managed install_data
[0.709s] running egg_info
[0.710s] writing ../../build/my_robot_controller/my_robot_controller.egg-info/PKG-INFO
[0.710s] writing dependency_links to ../../build/my_robot_controller/my_robot_controller.egg-info/dependency_links.txt
[0.710s] writing entry points to ../../build/my_robot_controller/my_robot_controller.egg-info/entry_points.txt
[0.710s] writing requirements to ../../build/my_robot_controller/my_robot_controller.egg-info/requires.txt
[0.710s] writing top-level names to ../../build/my_robot_controller/my_robot_controller.egg-info/top_level.txt
[0.712s] reading manifest file '../../build/my_robot_controller/my_robot_controller.egg-info/SOURCES.txt'
[0.713s] writing manifest file '../../build/my_robot_controller/my_robot_controller.egg-info/SOURCES.txt'
[0.713s] running build
[0.713s] running build_py
[0.713s] copying my_robot_controller/my_first_node.py -> /home/maaz/Stash-Colonel/ros2_ws/build/my_robot_controller/build/lib/my_robot_controller
[0.713s] running install
[0.713s] running install_lib
[0.714s] copying /home/maaz/Stash-Colonel/ros2_ws/build/my_robot_controller/build/lib/my_robot_controller/my_first_node.py -> /home/maaz/Stash-Colonel/ros2_ws/install/my_robot_controller/lib/python3.10/site-packages/my_robot_controller
[0.715s] byte-compiling /home/maaz/Stash-Colonel/ros2_ws/install/my_robot_controller/lib/python3.10/site-packages/my_robot_controller/my_first_node.py to my_first_node.cpython-310.pyc
[0.715s] running install_data
[0.715s] running install_egg_info
[0.716s] removing '/home/maaz/Stash-Colonel/ros2_ws/install/my_robot_controller/lib/python3.10/site-packages/my_robot_controller-0.0.0-py3.10.egg-info' (and everything under it)
[0.716s] Copying ../../build/my_robot_controller/my_robot_controller.egg-info to /home/maaz/Stash-Colonel/ros2_ws/install/my_robot_controller/lib/python3.10/site-packages/my_robot_controller-0.0.0-py3.10.egg-info
[0.717s] running install_scripts
[0.734s] Installing test_node script to /home/maaz/Stash-Colonel/ros2_ws/install/my_robot_controller/lib/my_robot_controller
[0.734s] writing list of installed files to '/home/maaz/Stash-Colonel/ros2_ws/build/my_robot_controller/install.log'
[0.753s] Invoked command in '/home/maaz/Stash-Colonel/ros2_ws/src/my_robot_controller' returned '0': PYTHONPATH=/home/maaz/Stash-Colonel/ros2_ws/build/my_robot_controller/prefix_override:/usr/lib/python3/dist-packages/colcon_core/task/python/colcon_distutils_commands:/home/maaz/Stash-Colonel/ros2_ws/install/my_robot_controller/lib/python3.10/site-packages:${PYTHONPATH} /usr/bin/python3 -W ignore:setup.py install is deprecated -W ignore:easy_install command is deprecated setup.py egg_info --egg-base ../../build/my_robot_controller build --build-base /home/maaz/Stash-Colonel/ros2_ws/build/my_robot_controller/build install --record /home/maaz/Stash-Colonel/ros2_ws/build/my_robot_controller/install.log --single-version-externally-managed install_data
