[0.492s] Invoking command in '/home/maaz/Stash-Colonel/ros2_ws/src/talker_listener': PYTHONPATH=/home/maaz/Stash-Colonel/ros2_ws/src/build/talker_listener/prefix_override:/usr/lib/python3/dist-packages/colcon_core/task/python/colcon_distutils_commands:/home/maaz/Stash-Colonel/ros2_ws/src/install/talker_listener/lib/python3.10/site-packages:${PYTHONPATH} /usr/bin/python3 -W ignore:setup.py install is deprecated -W ignore:easy_install command is deprecated setup.py egg_info --egg-base ../build/talker_listener build --build-base /home/maaz/Stash-Colonel/ros2_ws/src/build/talker_listener/build install --record /home/maaz/Stash-Colonel/ros2_ws/src/build/talker_listener/install.log --single-version-externally-managed install_data
[0.698s] running egg_info
[0.699s] writing ../build/talker_listener/talker_listener.egg-info/PKG-INFO
[0.699s] writing dependency_links to ../build/talker_listener/talker_listener.egg-info/dependency_links.txt
[0.699s] writing entry points to ../build/talker_listener/talker_listener.egg-info/entry_points.txt
[0.700s] writing requirements to ../build/talker_listener/talker_listener.egg-info/requires.txt
[0.700s] writing top-level names to ../build/talker_listener/talker_listener.egg-info/top_level.txt
[0.701s] reading manifest file '../build/talker_listener/talker_listener.egg-info/SOURCES.txt'
[0.702s] writing manifest file '../build/talker_listener/talker_listener.egg-info/SOURCES.txt'
[0.702s] running build
[0.702s] running build_py
[0.703s] running install
[0.703s] running install_lib
[0.705s] running install_data
[0.705s] running install_egg_info
[0.707s] removing '/home/maaz/Stash-Colonel/ros2_ws/src/install/talker_listener/lib/python3.10/site-packages/talker_listener-0.0.0-py3.10.egg-info' (and everything under it)
[0.707s] Copying ../build/talker_listener/talker_listener.egg-info to /home/maaz/Stash-Colonel/ros2_ws/src/install/talker_listener/lib/python3.10/site-packages/talker_listener-0.0.0-py3.10.egg-info
[0.707s] running install_scripts
[0.725s] Installing listenerNode script to /home/maaz/Stash-Colonel/ros2_ws/src/install/talker_listener/lib/talker_listener
[0.725s] Installing talkernode script to /home/maaz/Stash-Colonel/ros2_ws/src/install/talker_listener/lib/talker_listener
[0.726s] writing list of installed files to '/home/maaz/Stash-Colonel/ros2_ws/src/build/talker_listener/install.log'
[0.753s] Invoked command in '/home/maaz/Stash-Colonel/ros2_ws/src/talker_listener' returned '0': PYTHONPATH=/home/maaz/Stash-Colonel/ros2_ws/src/build/talker_listener/prefix_override:/usr/lib/python3/dist-packages/colcon_core/task/python/colcon_distutils_commands:/home/maaz/Stash-Colonel/ros2_ws/src/install/talker_listener/lib/python3.10/site-packages:${PYTHONPATH} /usr/bin/python3 -W ignore:setup.py install is deprecated -W ignore:easy_install command is deprecated setup.py egg_info --egg-base ../build/talker_listener build --build-base /home/maaz/Stash-Colonel/ros2_ws/src/build/talker_listener/build install --record /home/maaz/Stash-Colonel/ros2_ws/src/build/talker_listener/install.log --single-version-externally-managed install_data
