[0.011s] Invoking command in '/home/maaz/Stash-Colonel/ros2_ws/build/custom_interfaces': CMAKE_PREFIX_PATH=/opt/ros/humble /usr/bin/cmake /home/maaz/Stash-Colonel/ros2_ws/src/custom_interfaces -DCMAKE_INSTALL_PREFIX=/home/maaz/Stash-Colonel/ros2_ws/install/custom_interfaces
[0.087s] -- The C compiler identification is GNU 11.4.0
[0.154s] -- The CXX compiler identification is GNU 11.4.0
[0.162s] -- Detecting C compiler ABI info
[0.213s] -- Detecting C compiler ABI info - done
[0.220s] -- Check for working C compiler: /usr/bin/cc - skipped
[0.220s] -- Detecting C compile features
[0.221s] -- Detecting C compile features - done
[0.224s] -- Detecting CXX compiler ABI info
[0.280s] -- Detecting CXX compiler ABI info - done
[0.287s] -- Check for working CXX compiler: /usr/bin/c++ - skipped
[0.287s] -- Detecting CXX compile features
[0.287s] -- Detecting CXX compile features - done
[0.292s] -- Found ament_cmake: 1.3.11 (/opt/ros/humble/share/ament_cmake/cmake)
[0.409s] -- Found Python3: /usr/bin/python3 (found version "3.10.12") found components: Interpreter 
[0.492s] [31mCMake Error at CMakeLists.txt:14 (find_package):
[0.492s]   By not providing "Findrosidl_generate_interfaces.cmake" in
[0.493s]   CMAKE_MODULE_PATH this project has asked CMake to find a package
[0.493s]   configuration file provided by "rosidl_generate_interfaces", but CMake did
[0.493s]   not find one.
[0.493s] 
[0.493s]   Could not find a package configuration file provided by
[0.493s]   "rosidl_generate_interfaces" with any of the following names:
[0.493s] 
[0.493s]     rosidl_generate_interfacesConfig.cmake
[0.493s]     rosidl_generate_interfaces-config.cmake
[0.493s] 
[0.493s]   Add the installation prefix of "rosidl_generate_interfaces" to
[0.493s]   CMAKE_PREFIX_PATH or set "rosidl_generate_interfaces_DIR" to a directory
[0.493s]   containing one of the above files.  If "rosidl_generate_interfaces"
[0.493s]   provides a separate development package or SDK, be sure it has been
[0.493s]   installed.
[0.493s] 
[0.493s] [0m
[0.494s] -- Configuring incomplete, errors occurred!
[0.494s] See also "/home/maaz/Stash-Colonel/ros2_ws/build/custom_interfaces/CMakeFiles/CMakeOutput.log".
[0.497s] Invoked command in '/home/maaz/Stash-Colonel/ros2_ws/build/custom_interfaces' returned '1': CMAKE_PREFIX_PATH=/opt/ros/humble /usr/bin/cmake /home/maaz/Stash-Colonel/ros2_ws/src/custom_interfaces -DCMAKE_INSTALL_PREFIX=/home/maaz/Stash-Colonel/ros2_ws/install/custom_interfaces
