[0.536s] Invoking command in '/home/maaz/Stash-Colonel/ros2_ws/src/my_robot_controller': PYTHONPATH=/home/maaz/Stash-Colonel/ros2_ws/build/my_robot_controller/prefix_override:/usr/lib/python3/dist-packages/colcon_core/task/python/colcon_distutils_commands:/home/maaz/Stash-Colonel/ros2_ws/install/my_robot_controller/lib/python3.10/site-packages:${PYTHONPATH} /usr/bin/python3 -W ignore:setup.py install is deprecated -W ignore:easy_install command is deprecated setup.py egg_info --egg-base ../../build/my_robot_controller build --build-base /home/maaz/Stash-Colonel/ros2_ws/build/my_robot_controller/build install --record /home/maaz/Stash-Colonel/ros2_ws/build/my_robot_controller/install.log --single-version-externally-managed install_data
[0.743s] running egg_info
[0.743s] creating ../../build/my_robot_controller/my_robot_controller.egg-info
[0.743s] writing ../../build/my_robot_controller/my_robot_controller.egg-info/PKG-INFO
[0.743s] writing dependency_links to ../../build/my_robot_controller/my_robot_controller.egg-info/dependency_links.txt
[0.744s] writing entry points to ../../build/my_robot_controller/my_robot_controller.egg-info/entry_points.txt
[0.744s] writing requirements to ../../build/my_robot_controller/my_robot_controller.egg-info/requires.txt
[0.744s] writing top-level names to ../../build/my_robot_controller/my_robot_controller.egg-info/top_level.txt
[0.744s] writing manifest file '../../build/my_robot_controller/my_robot_controller.egg-info/SOURCES.txt'
[0.745s] reading manifest file '../../build/my_robot_controller/my_robot_controller.egg-info/SOURCES.txt'
[0.745s] writing manifest file '../../build/my_robot_controller/my_robot_controller.egg-info/SOURCES.txt'
[0.746s] running build
[0.746s] running build_py
[0.746s] creating /home/maaz/Stash-Colonel/ros2_ws/build/my_robot_controller/build
[0.746s] creating /home/maaz/Stash-Colonel/ros2_ws/build/my_robot_controller/build/lib
[0.746s] creating /home/maaz/Stash-Colonel/ros2_ws/build/my_robot_controller/build/lib/my_robot_controller
[0.746s] copying my_robot_controller/__init__.py -> /home/maaz/Stash-Colonel/ros2_ws/build/my_robot_controller/build/lib/my_robot_controller
[0.746s] running install
[0.746s] running install_lib
[0.747s] creating /home/maaz/Stash-Colonel/ros2_ws/install/my_robot_controller/lib/python3.10/site-packages/my_robot_controller
[0.747s] copying /home/maaz/Stash-Colonel/ros2_ws/build/my_robot_controller/build/lib/my_robot_controller/__init__.py -> /home/maaz/Stash-Colonel/ros2_ws/install/my_robot_controller/lib/python3.10/site-packages/my_robot_controller
[0.747s] byte-compiling /home/maaz/Stash-Colonel/ros2_ws/install/my_robot_controller/lib/python3.10/site-packages/my_robot_controller/__init__.py to __init__.cpython-310.pyc
[0.747s] running install_data
[0.747s] creating /home/maaz/Stash-Colonel/ros2_ws/install/my_robot_controller/share/ament_index
[0.747s] creating /home/maaz/Stash-Colonel/ros2_ws/install/my_robot_controller/share/ament_index/resource_index
[0.748s] creating /home/maaz/Stash-Colonel/ros2_ws/install/my_robot_controller/share/ament_index/resource_index/packages
[0.748s] copying resource/my_robot_controller -> /home/maaz/Stash-Colonel/ros2_ws/install/my_robot_controller/share/ament_index/resource_index/packages
[0.748s] copying package.xml -> /home/maaz/Stash-Colonel/ros2_ws/install/my_robot_controller/share/my_robot_controller
[0.748s] running install_egg_info
[0.749s] Copying ../../build/my_robot_controller/my_robot_controller.egg-info to /home/maaz/Stash-Colonel/ros2_ws/install/my_robot_controller/lib/python3.10/site-packages/my_robot_controller-0.0.0-py3.10.egg-info
[0.750s] running install_scripts
[0.767s] writing list of installed files to '/home/maaz/Stash-Colonel/ros2_ws/build/my_robot_controller/install.log'
[0.788s] Invoked command in '/home/maaz/Stash-Colonel/ros2_ws/src/my_robot_controller' returned '0': PYTHONPATH=/home/maaz/Stash-Colonel/ros2_ws/build/my_robot_controller/prefix_override:/usr/lib/python3/dist-packages/colcon_core/task/python/colcon_distutils_commands:/home/maaz/Stash-Colonel/ros2_ws/install/my_robot_controller/lib/python3.10/site-packages:${PYTHONPATH} /usr/bin/python3 -W ignore:setup.py install is deprecated -W ignore:easy_install command is deprecated setup.py egg_info --egg-base ../../build/my_robot_controller build --build-base /home/maaz/Stash-Colonel/ros2_ws/build/my_robot_controller/build install --record /home/maaz/Stash-Colonel/ros2_ws/build/my_robot_controller/install.log --single-version-externally-managed install_data
