[0.495s] Invoking command in '/home/maaz/Stash-Colonel/ros2_ws/build/my_robot_controller': PYTHONPATH=/home/maaz/Stash-Colonel/ros2_ws/build/my_robot_controller/prefix_override:/usr/lib/python3/dist-packages/colcon_core/task/python/colcon_distutils_commands:/home/maaz/Stash-Colonel/ros2_ws/install/my_robot_controller/lib/python3.10/site-packages:${PYTHONPATH} /usr/bin/python3 -W ignore:setup.py install is deprecated -W ignore:easy_install command is deprecated setup.py develop --editable --build-directory /home/maaz/Stash-Colonel/ros2_ws/build/my_robot_controller/build --no-deps symlink_data
[0.713s] running develop
[0.857s] running egg_info
[0.857s] writing my_robot_controller.egg-info/PKG-INFO
[0.857s] writing dependency_links to my_robot_controller.egg-info/dependency_links.txt
[0.857s] writing entry points to my_robot_controller.egg-info/entry_points.txt
[0.857s] writing requirements to my_robot_controller.egg-info/requires.txt
[0.857s] writing top-level names to my_robot_controller.egg-info/top_level.txt
[0.858s] reading manifest file 'my_robot_controller.egg-info/SOURCES.txt'
[0.859s] writing manifest file 'my_robot_controller.egg-info/SOURCES.txt'
[0.860s] running build_ext
[0.860s] Creating /home/maaz/Stash-Colonel/ros2_ws/install/my_robot_controller/lib/python3.10/site-packages/my-robot-controller.egg-link (link to .)
[0.861s] Installing draw_circle script to /home/maaz/Stash-Colonel/ros2_ws/install/my_robot_controller/lib/my_robot_controller
[0.861s] Installing pose_subscriber script to /home/maaz/Stash-Colonel/ros2_ws/install/my_robot_controller/lib/my_robot_controller
[0.861s] Installing test_node script to /home/maaz/Stash-Colonel/ros2_ws/install/my_robot_controller/lib/my_robot_controller
[0.861s] Installing turtle_controller script to /home/maaz/Stash-Colonel/ros2_ws/install/my_robot_controller/lib/my_robot_controller
[0.861s] 
[0.861s] Installed /home/maaz/Stash-Colonel/ros2_ws/build/my_robot_controller
[0.861s] running symlink_data
[0.882s] Invoked command in '/home/maaz/Stash-Colonel/ros2_ws/build/my_robot_controller' returned '0': PYTHONPATH=/home/maaz/Stash-Colonel/ros2_ws/build/my_robot_controller/prefix_override:/usr/lib/python3/dist-packages/colcon_core/task/python/colcon_distutils_commands:/home/maaz/Stash-Colonel/ros2_ws/install/my_robot_controller/lib/python3.10/site-packages:${PYTHONPATH} /usr/bin/python3 -W ignore:setup.py install is deprecated -W ignore:easy_install command is deprecated setup.py develop --editable --build-directory /home/maaz/Stash-Colonel/ros2_ws/build/my_robot_controller/build --no-deps symlink_data
